e:\workspace\handianhospitalclientforclinic\handianhospitalclientforclinic\debug\handianhospitalclientforclinic.pch
e:\workspace\handianhospitalclientforclinic\handianhospitalclientforclinic\debug\vc140.pdb
e:\workspace\handianhospitalclientforclinic\handianhospitalclientforclinic\debug\vc140.idb
e:\workspace\handianhospitalclientforclinic\handianhospitalclientforclinic\debug\stdafx.obj
e:\workspace\handianhospitalclientforclinic\handianhospitalclientforclinic\debug\authservicemgr.obj
e:\workspace\handianhospitalclientforclinic\handianhospitalclientforclinic\debug\avplayer.obj
e:\workspace\handianhospitalclientforclinic\handianhospitalclientforclinic\debug\diagmodifyclincinfohint.obj
e:\workspace\handianhospitalclientforclinic\handianhospitalclientforclinic\debug\diagshowpatientbigpic.obj
e:\workspace\handianhospitalclientforclinic\handianhospitalclientforclinic\debug\diagtorecordconsultation.obj
e:\workspace\handianhospitalclientforclinic\handianhospitalclientforclinic\debug\handianhospitalclientforclinic.obj
e:\workspace\handianhospitalclientforclinic\handianhospitalclientforclinic\debug\handianremotetreatment.obj
e:\workspace\handianhospitalclientforclinic\handianhospitalclientforclinic\debug\hdhttpfunction.obj
e:\workspace\handianhospitalclientforclinic\handianhospitalclientforclinic\debug\httpclientsyn.obj
e:\workspace\handianhospitalclientforclinic\handianhospitalclientforclinic\debug\httpuploadfiles.obj
e:\workspace\handianhospitalclientforclinic\handianhospitalclientforclinic\debug\listitembuttonui.obj
e:\workspace\handianhospitalclientforclinic\handianhospitalclientforclinic\debug\meetingservicemgr.obj
e:\workspace\handianhospitalclientforclinic\handianhospitalclientforclinic\debug\rwinhttp.obj
e:\workspace\handianhospitalclientforclinic\handianhospitalclientforclinic\debug\myvoice.obj
e:\workspace\handianhospitalclientforclinic\handianhospitalclientforclinic\debug\speech_recognizer.obj
e:\workspace\handianhospitalclientforclinic\handianhospitalclientforclinic\debug\winrec.obj
e:\workspace\handianhospitalclientforclinic\debug\handianhospitalclientforclinic.ilk
e:\workspace\handianhospitalclientforclinic\debug\handianhospitalclientforclinic.exe
e:\workspace\handianhospitalclientforclinic\debug\handianhospitalclientforclinic.pdb
e:\workspace\handianhospitalclientforclinic\handianhospitalclientforclinic\debug\handianhospitalclientforclinic.res
e:\workspace\handianhospitalclientforclinic\handianhospitalclientforclinic\debug\handianh.5c4e11a6.tlog\cl.command.1.tlog
e:\workspace\handianhospitalclientforclinic\handianhospitalclientforclinic\debug\handianh.5c4e11a6.tlog\cl.read.1.tlog
e:\workspace\handianhospitalclientforclinic\handianhospitalclientforclinic\debug\handianh.5c4e11a6.tlog\cl.write.1.tlog
e:\workspace\handianhospitalclientforclinic\handianhospitalclientforclinic\debug\handianh.5c4e11a6.tlog\link.command.1.tlog
e:\workspace\handianhospitalclientforclinic\handianhospitalclientforclinic\debug\handianh.5c4e11a6.tlog\link.read.1.tlog
e:\workspace\handianhospitalclientforclinic\handianhospitalclientforclinic\debug\handianh.5c4e11a6.tlog\link.write.1.tlog
e:\workspace\handianhospitalclientforclinic\handianhospitalclientforclinic\debug\handianh.5c4e11a6.tlog\rc.command.1.tlog
e:\workspace\handianhospitalclientforclinic\handianhospitalclientforclinic\debug\handianh.5c4e11a6.tlog\rc.read.1.tlog
e:\workspace\handianhospitalclientforclinic\handianhospitalclientforclinic\debug\handianh.5c4e11a6.tlog\rc.write.1.tlog
