e:\workspace\handianhospitalclientforclinic\handianhospitalclientforclinic\release\handianhospitalclientforclinic.pch
e:\workspace\handianhospitalclientforclinic\handianhospitalclientforclinic\release\vc140.pdb
e:\workspace\handianhospitalclientforclinic\handianhospitalclientforclinic\release\stdafx.obj
e:\workspace\handianhospitalclientforclinic\handianhospitalclientforclinic\release\rwinhttp.obj
e:\workspace\handianhospitalclientforclinic\handianhospitalclientforclinic\release\meetingservicemgr.obj
e:\workspace\handianhospitalclientforclinic\handianhospitalclientforclinic\release\listitembuttonui.obj
e:\workspace\handianhospitalclientforclinic\handianhospitalclientforclinic\release\httpuploadfiles.obj
e:\workspace\handianhospitalclientforclinic\handianhospitalclientforclinic\release\httpclientsyn.obj
e:\workspace\handianhospitalclientforclinic\handianhospitalclientforclinic\release\hdhttpfunction.obj
e:\workspace\handianhospitalclientforclinic\handianhospitalclientforclinic\release\handianremotetreatment.obj
e:\workspace\handianhospitalclientforclinic\handianhospitalclientforclinic\release\handianhospitalclientforclinic.obj
e:\workspace\handianhospitalclientforclinic\handianhospitalclientforclinic\release\diagtorecordconsultation.obj
e:\workspace\handianhospitalclientforclinic\handianhospitalclientforclinic\release\diagshowpatientbigpic.obj
e:\workspace\handianhospitalclientforclinic\handianhospitalclientforclinic\release\diagmodifyclincinfohint.obj
e:\workspace\handianhospitalclientforclinic\handianhospitalclientforclinic\release\avplayer.obj
e:\workspace\handianhospitalclientforclinic\handianhospitalclientforclinic\release\authservicemgr.obj
e:\workspace\handianhospitalclientforclinic\handianhospitalclientforclinic\release\winrec.obj
e:\workspace\handianhospitalclientforclinic\handianhospitalclientforclinic\release\speech_recognizer.obj
e:\workspace\handianhospitalclientforclinic\handianhospitalclientforclinic\release\myvoice.obj
e:\workspace\handianhospitalclientforclinic\release\handianhospitalclientforclinic.exe
e:\workspace\handianhospitalclientforclinic\release\handianhospitalclientforclinic.ipdb
e:\workspace\handianhospitalclientforclinic\release\handianhospitalclientforclinic.iobj
e:\workspace\handianhospitalclientforclinic\handianhospitalclientforclinic\release\handianhospitalclientforclinic.res
e:\workspace\handianhospitalclientforclinic\handianhospitalclientforclinic\release\handianh.5c4e11a6.tlog\cl.command.1.tlog
e:\workspace\handianhospitalclientforclinic\handianhospitalclientforclinic\release\handianh.5c4e11a6.tlog\cl.read.1.tlog
e:\workspace\handianhospitalclientforclinic\handianhospitalclientforclinic\release\handianh.5c4e11a6.tlog\cl.write.1.tlog
e:\workspace\handianhospitalclientforclinic\handianhospitalclientforclinic\release\handianh.5c4e11a6.tlog\link.command.1.tlog
e:\workspace\handianhospitalclientforclinic\handianhospitalclientforclinic\release\handianh.5c4e11a6.tlog\link.read.1.tlog
e:\workspace\handianhospitalclientforclinic\handianhospitalclientforclinic\release\handianh.5c4e11a6.tlog\link.write.1.tlog
e:\workspace\handianhospitalclientforclinic\handianhospitalclientforclinic\release\handianh.5c4e11a6.tlog\rc.command.1.tlog
e:\workspace\handianhospitalclientforclinic\handianhospitalclientforclinic\release\handianh.5c4e11a6.tlog\rc.read.1.tlog
e:\workspace\handianhospitalclientforclinic\handianhospitalclientforclinic\release\handianh.5c4e11a6.tlog\rc.write.1.tlog
